Сборка начата 27.05.2016 2:42:42.
     1>Проект "C:\Users\Anna\Documents\Учеба\Программирование\mp2-lab4-graph\sln\vc14\sample-Kruskal\sample-Kruskal.vcxproj" в узле 2 (целевые объекты Build).
     1>ClCompile:
         C:\Program Files (x86)\Microsoft Visual Studio 14.0\VC\bin\CL.exe /c /I../../../include /ZI /nologo /W3 /WX- /sdl /Od /Oy- /D WIN32 /D _DEBUG /D _CONSOLE /D _UNICODE /D UNICODE /Gm /EHsc /RTC1 /MDd /GS /fp:precise /Zc:wchar_t /Zc:forScope /Zc:inline /Fo"Debug\\" /Fd"Debug\vc140.pdb" /Gd /TP /analyze- /errorReport:prompt ..\..\..\sample_Kruskal\sample_Kruskal.cpp
         sample_Kruskal.cpp
     1>c:\users\anna\documents\учеба\программирование\mp2-lab4-graph\include\graph.hpp(114): warning C4244: аргумент: преобразование "time_t" в "unsigned int", возможна потеря данных
         c:\users\anna\documents\учеба\программирование\mp2-lab4-graph\include\graph.hpp(108): note: при компиляции функции-члена "<Нет данных>" класса <Нет данных>
         c:\users\anna\documents\учеба\программирование\mp2-lab4-graph\sample_kruskal\sample_kruskal.cpp(29): note: см. ссылку на создание экземпляров функции шаблон при компиляции "void Graph<KeyType>::CreateGraph(KeyType,KeyType)"
                 with
                 [
                     KeyType=KeyType
                 ]
         c:\users\anna\documents\учеба\программирование\mp2-lab4-graph\sample_kruskal\sample_kruskal.cpp(17): note: см. ссылку на создание экземпляров класса шаблон при компиляции "Graph<KeyType>"
     1>c:\users\anna\documents\учеба\программирование\mp2-lab4-graph\include\priority_queue.hpp(122): warning C4373: Queue_on_table<KeyType>::Push: виртуальная функция переопределяет "Priority_queue<KeyType>::Push", предыдущие версии компилятора не выполняли переопределение, когда параметры отличались только квалификаторами const или volatile
                 with
                 [
                     KeyType=KeyType
                 ]
         c:\users\anna\documents\учеба\программирование\mp2-lab4-graph\include\priority_queue.hpp(13): note:  см. объявление "Priority_queue<KeyType>::Push"
         c:\users\anna\documents\учеба\программирование\mp2-lab4-graph\include\priority_queue.hpp(204): note: см. ссылку на создание экземпляров класса шаблон при компиляции "Queue_on_table<KeyType>"
                 with
                 [
                     KeyType=KeyType
                 ]
         c:\users\anna\documents\учеба\программирование\mp2-lab4-graph\include\priority_queue.hpp(191): note: при компиляции функции-члена "<Нет данных>" класса <Нет данных>
         c:\users\anna\documents\учеба\программирование\mp2-lab4-graph\sample_kruskal\sample_kruskal.cpp(60): note: см. ссылку на создание экземпляров функции шаблон при компиляции "bool Create_queue<KeyType>::CreateQueue(Priority_queue<KeyType> *&,const int,const int)"
         c:\users\anna\documents\учеба\программирование\mp2-lab4-graph\sample_kruskal\sample_kruskal.cpp(60): note: см. ссылку на создание экземпляров класса шаблон при компиляции "Create_queue<KeyType>"
     1>c:\users\anna\documents\учеба\программирование\mp2-lab4-graph\include\priority_queue.hpp(95): warning C4244: return: преобразование "int" в "KeyType", возможна потеря данных
         c:\users\anna\documents\учеба\программирование\mp2-lab4-graph\include\priority_queue.hpp(95): note: при компиляции функции-члена "<Нет данных>" класса <Нет данных>
         c:\users\anna\documents\учеба\программирование\mp2-lab4-graph\include\priority_queue.hpp(199): note: см. ссылку на создание экземпляров класса шаблон при компиляции "Queue_on_tree<KeyType>"
                 with
                 [
                     KeyType=KeyType
                 ]
         c:\users\anna\documents\учеба\программирование\mp2-lab4-graph\include\priority_queue.hpp(191): note: при компиляции функции-члена "<Нет данных>" класса <Нет данных>
         c:\users\anna\documents\учеба\программирование\mp2-lab4-graph\sample_kruskal\sample_kruskal.cpp(60): note: см. ссылку на создание экземпляров функции шаблон при компиляции "bool Create_queue<KeyType>::CreateQueue(Priority_queue<KeyType> *&,const int,const int)"
       Link:
         C:\Program Files (x86)\Microsoft Visual Studio 14.0\VC\bin\link.exe /ERRORREPORT:PROMPT /OUT:"C:\Users\Anna\Documents\Учеба\Программирование\mp2-lab4-graph\sln\vc14\Debug\sample-Kruskal.exe" /INCREMENTAL /NOLOGO /LIBPATH:../Debug Kruskal.lib Table.lib "D-Heap.lib" "Binary Tree.lib" "Disjoint Set.lib" "Priority Queue.lib" kernel32.lib user32.lib gdi32.lib winspool.lib comdlg32.lib advapi32.lib shell32.lib ole32.lib oleaut32.lib uuid.lib odbc32.lib odbccp32.lib /MANIFEST /MANIFESTUAC:"level='asInvoker' uiAccess='false'" /manifest:embed /Debug /PDB:"C:\Users\Anna\Documents\Учеба\Программирование\mp2-lab4-graph\sln\vc14\Debug\sample-Kruskal.pdb" /SUBSYSTEM:CONSOLE /TLBID:1 /DYNAMICBASE /NXCOMPAT /IMPLIB:"C:\Users\Anna\Documents\Учеба\Программирование\mp2-lab4-graph\sln\vc14\Debug\sample-Kruskal.lib" /MACHINE:X86 Debug\sample_Kruskal.obj
         "C:\Users\Anna\Documents\Учеба\Программирование\mp2-lab4-graph\sln\vc14\Debug\Binary Tree.lib"
         "C:\Users\Anna\Documents\Учеба\Программирование\mp2-lab4-graph\sln\vc14\Debug\D-Heap.lib"
         "C:\Users\Anna\Documents\Учеба\Программирование\mp2-lab4-graph\sln\vc14\Debug\Disjoint_set.lib"
         "C:\Users\Anna\Documents\Учеба\Программирование\mp2-lab4-graph\sln\vc14\Debug\Graph.lib"
         "C:\Users\Anna\Documents\Учеба\Программирование\mp2-lab4-graph\sln\vc14\Debug\Kruskal.lib"
         "C:\Users\Anna\Documents\Учеба\Программирование\mp2-lab4-graph\sln\vc14\Debug\Table.lib"
         "C:\Users\Anna\Documents\Учеба\Программирование\mp2-lab4-graph\sln\vc14\Debug\Priority Queue.lib"
         sample-Kruskal.vcxproj -> C:\Users\Anna\Documents\Учеба\Программирование\mp2-lab4-graph\sln\vc14\Debug\sample-Kruskal.exe
     1>Сборка проекта "C:\Users\Anna\Documents\Учеба\Программирование\mp2-lab4-graph\sln\vc14\sample-Kruskal\sample-Kruskal.vcxproj" завершена (целевые объекты Build).

Сборка успешно завершена.

Затраченное время: 00:00:05.51
